2024-12-17 23:25:10.5367 INFO 等待结束战斗。。。
2024-12-17 23:25:13.8566 INFO 等待结束战斗。。。
2024-12-17 23:25:17.5794 INFO 等待结束战斗。。。
2024-12-17 23:25:21.1227 INFO 等待结束战斗。。。
2024-12-17 23:25:24.4205 INFO 等待结束战斗。。。
2024-12-17 23:25:27.6525 INFO 等待结束战斗。。。
2024-12-17 23:25:28.5604 INFO 已在7-4王点前
2024-12-17 23:25:29.5434 INFO 不进王点，返回本丸
2024-12-17 23:25:30.4001 INFO 点击是
2024-12-17 23:25:33.7500 INFO 等待结束战斗。。。
2024-12-17 23:25:37.1154 INFO 點擊出阵。。。
2024-12-17 23:25:44.7873 INFO 选择时代。。。
2024-12-17 23:25:47.9099 INFO 已选择7.延享的记忆。。。
2024-12-17 23:25:53.1504 INFO e4
2024-12-17 23:25:55.3062 INFO 选择部队3。。。
2024-12-17 23:25:57.5511 INFO 即刻出阵！！！
2024-12-17 23:26:02.0050 INFO 等待结束战斗。。。
2024-12-17 23:26:04.4858 INFO 等待结束战斗。。。
2024-12-17 23:26:06.5747 INFO 等待结束战斗。。。
2024-12-17 23:26:08.6687 INFO 等待结束战斗。。。
2024-12-17 23:26:11.1548 INFO 等待结束战斗。。。
2024-12-17 23:26:13.7214 INFO 等待结束战斗。。。
2024-12-17 23:26:16.1309 INFO 等待结束战斗。。。
2024-12-17 23:26:18.1103 INFO 等待结束战斗。。。
2024-12-17 23:26:20.7974 INFO 等待结束战斗。。。
2024-12-17 23:26:24.0056 INFO 等待结束战斗。。。
2024-12-17 23:26:26.9986 INFO 等待结束战斗。。。
2024-12-17 23:26:29.5408 INFO 等待结束战斗。。。
2024-12-17 23:26:32.4901 INFO 等待结束战斗。。。
2024-12-17 23:26:35.7783 INFO 等待结束战斗。。。
2024-12-17 23:26:36.7163 INFO 继续进军！！！
2024-12-17 23:26:39.6270 INFO 等待结束战斗。。。
2024-12-17 23:26:42.0769 INFO 等待结束战斗。。。
2024-12-17 23:26:44.6832 INFO 等待结束战斗。。。
2024-12-17 23:26:46.8525 INFO 等待结束战斗。。。
2024-12-17 23:26:48.9362 INFO 等待结束战斗。。。
2024-12-17 23:26:51.4146 INFO 等待结束战斗。。。
2024-12-17 23:26:53.3776 INFO 等待结束战斗。。。
2024-12-17 23:26:56.1639 INFO 等待结束战斗。。。
2024-12-17 23:26:59.7315 INFO 等待结束战斗。。。
2024-12-17 23:27:03.0207 INFO 等待结束战斗。。。
2024-12-17 23:27:06.7796 INFO 等待结束战斗。。。
2024-12-17 23:27:11.4011 INFO 等待结束战斗。。。
2024-12-17 23:27:14.4233 INFO 等待结束战斗。。。
2024-12-17 23:27:15.4081 INFO 继续进军！！！
2024-12-17 23:27:17.8652 INFO 等待结束战斗。。。
2024-12-17 23:27:20.0332 INFO 等待结束战斗。。。
2024-12-17 23:27:22.6232 INFO 等待结束战斗。。。
2024-12-17 23:27:31.2184 INFO 等待结束战斗。。。
2024-12-17 23:27:34.0919 INFO 等待结束战斗。。。
2024-12-17 23:27:36.7208 INFO 等待结束战斗。。。
2024-12-17 23:27:39.7860 INFO 等待结束战斗。。。
2024-12-17 23:27:43.0102 INFO 等待结束战斗。。。
2024-12-17 23:27:46.0229 INFO 等待结束战斗。。。
2024-12-17 23:27:49.8579 INFO 等待结束战斗。。。
2024-12-17 23:27:52.7898 INFO 等待结束战斗。。。
2024-12-17 23:27:53.6997 INFO 继续进军！！！
2024-12-17 23:27:56.1476 INFO 等待结束战斗。。。
2024-12-17 23:27:58.6044 INFO 等待结束战斗。。。
2024-12-17 23:28:01.0646 INFO 等待结束战斗。。。
2024-12-17 23:28:09.2428 INFO 等待结束战斗。。。
2024-12-17 23:28:11.7854 INFO 等待结束战斗。。。
2024-12-17 23:28:14.7765 INFO 等待结束战斗。。。
2024-12-17 23:28:17.8046 INFO 等待结束战斗。。。
2024-12-17 23:28:20.8184 INFO 等待结束战斗。。。
2024-12-17 23:28:23.7660 INFO 等待结束战斗。。。
2024-12-17 23:28:26.7938 INFO 等待结束战斗。。。
2024-12-17 23:28:30.0168 INFO 等待结束战斗。。。
2024-12-17 23:28:34.0293 INFO 等待结束战斗。。。
2024-12-17 23:28:37.0057 INFO 等待结束战斗。。。
2024-12-17 23:28:38.0393 INFO 继续进军！！！
2024-12-17 23:28:40.0403 INFO 等待结束战斗。。。
2024-12-17 23:28:42.6383 INFO 等待结束战斗。。。
2024-12-17 23:28:45.2027 INFO 等待结束战斗。。。
2024-12-17 23:28:52.8593 INFO 等待结束战斗。。。
2024-12-17 23:28:54.9073 INFO 等待结束战斗。。。
2024-12-17 23:28:57.5678 INFO 等待结束战斗。。。
2024-12-17 23:29:03.2194 INFO 等待结束战斗。。。
2024-12-17 23:29:06.2559 INFO 等待结束战斗。。。
2024-12-17 23:29:09.1663 INFO 等待结束战斗。。。
2024-12-17 23:29:12.3106 INFO 等待结束战斗。。。
2024-12-17 23:29:15.7420 INFO 等待结束战斗。。。
2024-12-17 23:29:19.8112 INFO 等待结束战斗。。。
2024-12-17 23:29:20.8084 INFO 继续进军！！！
2024-12-17 23:29:23.2796 INFO 等待结束战斗。。。
2024-12-17 23:29:25.2483 INFO 等待结束战斗。。。
2024-12-17 23:29:27.3717 INFO 等待结束战斗。。。
2024-12-17 23:29:36.4711 INFO 等待结束战斗。。。
2024-12-17 23:29:39.4155 INFO 等待结束战斗。。。
2024-12-17 23:29:41.8106 INFO 等待结束战斗。。。
2024-12-17 23:29:44.2035 INFO 等待结束战斗。。。
2024-12-17 23:29:46.3562 INFO 等待结束战斗。。。
2024-12-17 23:29:48.7407 INFO 等待结束战斗。。。
2024-12-17 23:29:51.1254 INFO 等待结束战斗。。。
2024-12-17 23:29:55.0291 INFO 等待结束战斗。。。
2024-12-17 23:29:57.6002 INFO 等待结束战斗。。。
2024-12-17 23:30:01.1434 INFO 等待结束战斗。。。
2024-12-17 23:30:04.6241 INFO 等待结束战斗。。。
2024-12-17 23:30:07.2156 INFO 等待结束战斗。。。
2024-12-17 23:30:08.2251 INFO 继续进军！！！
2024-12-17 23:30:10.3675 INFO 等待结束战斗。。。
2024-12-17 23:30:12.5476 INFO 等待结束战斗。。。
2024-12-17 23:30:15.2343 INFO 等待结束战斗。。。
2024-12-17 23:30:23.8564 INFO 等待结束战斗。。。
2024-12-17 23:30:26.3971 INFO 等待结束战斗。。。
2024-12-17 23:30:28.9316 INFO 等待结束战斗。。。
2024-12-17 23:30:31.3212 INFO 等待结束战斗。。。
2024-12-17 23:30:33.4828 INFO 等待结束战斗。。。
2024-12-17 23:30:36.3163 INFO 等待结束战斗。。。
2024-12-17 23:30:39.2065 INFO 等待结束战斗。。。
2024-12-17 23:30:41.5592 INFO 等待结束战斗。。。
2024-12-17 23:30:44.0075 INFO 等待结束战斗。。。
2024-12-17 23:30:47.7370 INFO 等待结束战斗。。。
2024-12-17 23:30:51.1288 INFO 等待结束战斗。。。
2024-12-17 23:30:54.3908 INFO 等待结束战斗。。。
2024-12-17 23:30:57.4538 INFO 等待结束战斗。。。
2024-12-17 23:30:58.4183 INFO 继续进军！！！
2024-12-17 23:31:00.3894 INFO 等待结束战斗。。。
2024-12-17 23:31:02.9397 INFO 等待结束战斗。。。
2024-12-17 23:31:05.4970 INFO 等待结束战斗。。。
2024-12-17 23:31:14.0436 INFO 等待结束战斗。。。
2024-12-17 23:31:16.9667 INFO 等待结束战斗。。。
2024-12-17 23:31:19.3760 INFO 等待结束战斗。。。
2024-12-17 23:31:22.3079 INFO 等待结束战斗。。。
2024-12-17 23:31:24.3891 INFO 等待结束战斗。。。
2024-12-17 23:31:27.9154 INFO 等待结束战斗。。。
2024-12-17 23:31:30.3950 INFO 等待结束战斗。。。
2024-12-17 23:31:34.3576 INFO 等待结束战斗。。。
2024-12-17 23:31:38.9812 INFO 等待结束战斗。。。
2024-12-17 23:31:42.3900 INFO 等待结束战斗。。。
2024-12-17 23:31:45.2531 INFO 等待结束战斗。。。
2024-12-17 23:31:48.7355 INFO 等待结束战斗。。。
2024-12-17 23:31:49.6778 INFO 继续进军！！！
2024-12-17 23:31:52.2492 INFO 等待结束战斗。。。
2024-12-17 23:31:54.3845 INFO 等待结束战斗。。。
2024-12-17 23:31:56.9897 INFO 等待结束战斗。。。
2024-12-17 23:32:05.1577 INFO 等待结束战斗。。。
2024-12-17 23:32:08.1468 INFO 等待结束战斗。。。
2024-12-17 23:32:10.5136 INFO 等待结束战斗。。。
2024-12-17 23:32:13.4296 INFO 等待结束战斗。。。
2024-12-17 23:32:15.5133 INFO 等待结束战斗。。。
2024-12-17 23:32:18.4295 INFO 等待结束战斗。。。
2024-12-17 23:32:21.3937 INFO 等待结束战斗。。。
2024-12-17 23:32:25.4670 INFO 等待结束战斗。。。
2024-12-17 23:32:28.7218 INFO 等待结束战斗。。。
2024-12-17 23:32:31.6322 INFO 等待结束战斗。。。
2024-12-17 23:32:32.5790 INFO 继续进军！！！
2024-12-17 23:32:34.4582 INFO 等待结束战斗。。。
2024-12-17 23:32:36.9664 INFO 等待结束战斗。。。
2024-12-17 23:32:39.5266 INFO 等待结束战斗。。。
2024-12-17 23:32:47.5752 INFO 等待结束战斗。。。
2024-12-17 23:32:50.1981 INFO 等待结束战斗。。。
2024-12-17 23:32:52.2690 INFO 等待结束战斗。。。
2024-12-17 23:32:54.6777 INFO 等待结束战斗。。。
2024-12-17 23:32:57.1211 INFO 等待结束战斗。。。
2024-12-17 23:32:59.6225 INFO 等待结束战斗。。。
2024-12-17 23:33:02.6797 INFO 等待结束战斗。。。
2024-12-17 23:33:06.6206 INFO 等待结束战斗。。。
2024-12-17 23:33:09.5767 INFO 等待结束战斗。。。
2024-12-17 23:33:10.4182 INFO 已在7-4王点前
2024-12-17 23:33:11.3168 INFO 不进王点，返回本丸
2024-12-17 23:33:12.1260 INFO 点击是
2024-12-17 23:33:14.8619 INFO 等待结束战斗。。。
2024-12-17 23:33:18.2729 INFO 點擊出阵。。。
2024-12-17 23:33:26.4712 INFO 选择时代。。。
2024-12-17 23:33:28.7787 INFO 已选择7.延享的记忆。。。
2024-12-17 23:33:33.0756 INFO e4
2024-12-17 23:33:35.2983 INFO 选择部队3。。。
2024-12-17 23:33:37.5255 INFO 即刻出阵！！！
2024-12-17 23:33:41.2637 INFO 等待结束战斗。。。
2024-12-17 23:33:43.7921 INFO 等待结束战斗。。。
2024-12-17 23:33:46.3476 INFO 等待结束战斗。。。
