2024-12-17 23:17:08.8283 INFO 等待结束战斗。。。
2024-12-17 23:17:11.9284 INFO 等待结束战斗。。。
2024-12-17 23:17:12.8302 INFO 继续进军！！！
2024-12-17 23:17:15.6276 INFO 等待结束战斗。。。
2024-12-17 23:17:18.1366 INFO 等待结束战斗。。。
2024-12-17 23:17:20.6509 INFO 等待结束战斗。。。
2024-12-17 23:17:23.1550 INFO 等待结束战斗。。。
2024-12-17 23:17:25.0882 INFO 等待结束战斗。。。
2024-12-17 23:17:27.0277 INFO 等待结束战斗。。。
2024-12-17 23:17:30.0124 INFO 等待结束战斗。。。
2024-12-17 23:17:32.5188 INFO 等待结束战斗。。。
2024-12-17 23:17:35.1448 INFO 等待结束战斗。。。
2024-12-17 23:17:38.2070 INFO 等待结束战斗。。。
2024-12-17 23:17:40.7063 INFO 等待结束战斗。。。
2024-12-17 23:17:44.7300 INFO 等待结束战斗。。。
2024-12-17 23:17:48.7513 INFO 等待结束战斗。。。
2024-12-17 23:17:52.1324 INFO 等待结束战斗。。。
2024-12-17 23:17:53.0494 INFO 已在7-4王点前
2024-12-17 23:17:54.0337 INFO 不进王点，返回本丸
2024-12-17 23:17:54.9102 INFO 点击是
2024-12-17 23:17:57.5334 INFO 等待结束战斗。。。
2024-12-17 23:18:00.9567 INFO 點擊出阵。。。
2024-12-17 23:18:08.2232 INFO 选择时代。。。
2024-12-17 23:18:10.5471 INFO 已选择7.延享的记忆。。。
2024-12-17 23:18:15.7674 INFO e4
2024-12-17 23:18:17.9094 INFO 选择部队3。。。
2024-12-17 23:18:20.0404 INFO 即刻出阵！！！
2024-12-17 23:18:23.1264 INFO 等待结束战斗。。。
2024-12-17 23:18:26.5185 INFO 點擊出阵。。。
2024-12-17 23:18:28.3926 INFO 等待结束战斗。。。
2024-12-17 23:18:30.9356 INFO 等待结束战斗。。。
2024-12-17 23:18:33.9652 INFO 等待结束战斗。。。
2024-12-17 23:18:37.6234 INFO 等待结束战斗。。。
2024-12-17 23:18:39.6818 INFO 等待结束战斗。。。
2024-12-17 23:18:41.7094 INFO 等待结束战斗。。。
2024-12-17 23:18:44.8094 INFO 等待结束战斗。。。
2024-12-17 23:18:47.2754 INFO 等待结束战斗。。。
2024-12-17 23:18:50.2877 INFO 等待结束战斗。。。
2024-12-17 23:18:54.4181 INFO 等待结束战斗。。。
2024-12-17 23:18:57.8280 INFO 等待结束战斗。。。
2024-12-17 23:19:00.7337 INFO 等待结束战斗。。。
2024-12-17 23:19:01.6202 INFO 继续进军！！！
2024-12-17 23:19:04.4637 INFO 等待结束战斗。。。
2024-12-17 23:19:06.9451 INFO 等待结束战斗。。。
2024-12-17 23:19:09.0498 INFO 等待结束战斗。。。
2024-12-17 23:19:17.1455 INFO 等待结束战斗。。。
2024-12-17 23:19:19.5998 INFO 等待结束战斗。。。
2024-12-17 23:19:21.9930 INFO 等待结束战斗。。。
2024-12-17 23:19:25.4716 INFO 等待结束战斗。。。
2024-12-17 23:19:27.5985 INFO 等待结束战斗。。。
2024-12-17 23:19:30.5118 INFO 等待结束战斗。。。
2024-12-17 23:19:33.4346 INFO 等待结束战斗。。。
2024-12-17 23:19:35.9675 INFO 等待结束战斗。。。
2024-12-17 23:19:38.5938 INFO 等待结束战斗。。。
2024-12-17 23:19:41.9957 INFO 等待结束战斗。。。
2024-12-17 23:19:45.4454 INFO 等待结束战斗。。。
2024-12-17 23:19:48.4938 INFO 等待结束战斗。。。
2024-12-17 23:19:49.3818 INFO 继续进军！！！
2024-12-17 23:19:51.2135 INFO 等待结束战斗。。。
2024-12-17 23:19:53.7246 INFO 等待结束战斗。。。
2024-12-17 23:19:55.7617 INFO 等待结束战斗。。。
2024-12-17 23:19:57.7947 INFO 等待结束战斗。。。
2024-12-17 23:20:00.1707 INFO 等待结束战斗。。。
2024-12-17 23:20:02.4068 INFO 等待结束战斗。。。
2024-12-17 23:20:04.8201 INFO 等待结束战斗。。。
2024-12-17 23:20:07.2806 INFO 等待结束战斗。。。
2024-12-17 23:20:10.4536 INFO 等待结束战斗。。。
2024-12-17 23:20:12.5005 INFO 等待结束战斗。。。
2024-12-17 23:20:15.0583 INFO 等待结束战斗。。。
2024-12-17 23:20:17.4842 INFO 等待结束战斗。。。
2024-12-17 23:20:22.0812 INFO 等待结束战斗。。。
2024-12-17 23:20:25.9594 INFO 等待结束战斗。。。
2024-12-17 23:20:30.5547 INFO 等待结束战斗。。。
2024-12-17 23:20:31.7856 INFO 继续进军！！！
2024-12-17 23:20:33.7210 INFO 等待结束战斗。。。
2024-12-17 23:20:36.3879 INFO 等待结束战斗。。。
2024-12-17 23:20:38.4333 INFO 等待结束战斗。。。
2024-12-17 23:20:46.5038 INFO 等待结束战斗。。。
2024-12-17 23:20:48.9886 INFO 等待结束战斗。。。
2024-12-17 23:20:51.5843 INFO 等待结束战斗。。。
2024-12-17 23:20:54.0755 INFO 等待结束战斗。。。
2024-12-17 23:20:56.6645 INFO 等待结束战斗。。。
2024-12-17 23:20:59.1537 INFO 等待结束战斗。。。
2024-12-17 23:21:01.7784 INFO 等待结束战斗。。。
2024-12-17 23:21:04.6596 INFO 等待结束战斗。。。
2024-12-17 23:21:08.1366 INFO 等待结束战斗。。。
2024-12-17 23:21:09.1464 INFO 继续进军！！！
2024-12-17 23:21:12.3865 INFO 等待结束战斗。。。
2024-12-17 23:21:14.9227 INFO 等待结束战斗。。。
2024-12-17 23:21:17.5420 INFO 等待结束战斗。。。
2024-12-17 23:21:19.5410 INFO 等待结束战斗。。。
2024-12-17 23:21:21.4473 INFO 等待结束战斗。。。
2024-12-17 23:21:23.9975 INFO 等待结束战斗。。。
2024-12-17 23:21:27.0960 INFO 等待结束战斗。。。
2024-12-17 23:21:29.6474 INFO 等待结束战斗。。。
2024-12-17 23:21:31.7469 INFO 等待结束战斗。。。
2024-12-17 23:21:34.8603 INFO 等待结束战斗。。。
2024-12-17 23:21:38.4977 INFO 等待结束战斗。。。
2024-12-17 23:21:41.5274 INFO 等待结束战斗。。。
2024-12-17 23:21:46.0208 INFO 等待结束战斗。。。
2024-12-17 23:21:49.5884 INFO 等待结束战斗。。。
2024-12-17 23:21:50.5800 INFO 继续进军！！！
2024-12-17 23:21:54.0575 INFO 等待结束战斗。。。
2024-12-17 23:21:56.6794 INFO 等待结束战斗。。。
2024-12-17 23:21:58.9087 INFO 等待结束战斗。。。
2024-12-17 23:22:01.4853 INFO 等待结束战斗。。。
2024-12-17 23:22:03.4777 INFO 等待结束战斗。。。
2024-12-17 23:22:05.5150 INFO 等待结束战斗。。。
2024-12-17 23:22:07.8541 INFO 等待结束战斗。。。
2024-12-17 23:22:10.3924 INFO 等待结束战斗。。。
2024-12-17 23:22:13.8341 INFO 等待结束战斗。。。
2024-12-17 23:22:17.7656 INFO 等待结束战斗。。。
2024-12-17 23:22:21.1799 INFO 等待结束战斗。。。
2024-12-17 23:22:24.8277 INFO 等待结束战斗。。。
2024-12-17 23:22:28.3222 INFO 等待结束战斗。。。
2024-12-17 23:22:31.7357 INFO 等待结束战斗。。。
2024-12-17 23:22:34.2504 INFO 等待结束战斗。。。
2024-12-17 23:22:35.2005 INFO 继续进军！！！
2024-12-17 23:22:37.7196 INFO 等待结束战斗。。。
2024-12-17 23:22:39.7622 INFO 等待结束战斗。。。
2024-12-17 23:22:41.8176 INFO 等待结束战斗。。。
2024-12-17 23:22:46.2836 INFO 等待结束战斗。。。
2024-12-17 23:22:48.4180 INFO 等待结束战斗。。。
2024-12-17 23:22:50.9608 INFO 等待结束战斗。。。
2024-12-17 23:22:53.0846 INFO 等待结束战斗。。。
2024-12-17 23:22:55.7756 INFO 等待结束战斗。。。
2024-12-17 23:22:58.4505 INFO 等待结束战斗。。。
2024-12-17 23:23:01.0939 INFO 等待结束战斗。。。
2024-12-17 23:23:05.0604 INFO 等待结束战斗。。。
2024-12-17 23:23:10.4215 INFO 等待结束战斗。。。
2024-12-17 23:23:14.1369 INFO 等待结束战斗。。。
2024-12-17 23:23:15.1649 INFO 继续进军！！！
2024-12-17 23:23:18.7623 INFO 等待结束战斗。。。
2024-12-17 23:23:21.3837 INFO 等待结束战斗。。。
2024-12-17 23:23:24.4674 INFO 等待结束战斗。。。
2024-12-17 23:23:28.5673 INFO 等待结束战斗。。。
2024-12-17 23:23:31.6513 INFO 等待结束战斗。。。
2024-12-17 23:23:34.6546 INFO 等待结束战斗。。。
2024-12-17 23:23:37.0973 INFO 等待结束战斗。。。
2024-12-17 23:23:39.7622 INFO 等待结束战斗。。。
2024-12-17 23:23:42.2323 INFO 等待结束战斗。。。
2024-12-17 23:23:44.5631 INFO 等待结束战斗。。。
2024-12-17 23:23:48.5066 INFO 等待结束战斗。。。
2024-12-17 23:23:53.4523 INFO 等待结束战斗。。。
2024-12-17 23:23:56.8293 INFO 等待结束战斗。。。
2024-12-17 23:24:00.2946 INFO 等待结束战斗。。。
2024-12-17 23:24:03.5013 INFO 等待结束战斗。。。
2024-12-17 23:24:04.5813 INFO 继续进军！！！
2024-12-17 23:24:08.3074 INFO 等待结束战斗。。。
2024-12-17 23:24:10.8837 INFO 等待结束战斗。。。
2024-12-17 23:24:13.0399 INFO 等待结束战斗。。。
2024-12-17 23:24:15.5295 INFO 等待结束战斗。。。
2024-12-17 23:24:17.5368 INFO 等待结束战斗。。。
2024-12-17 23:24:19.5344 INFO 等待结束战斗。。。
2024-12-17 23:24:22.5469 INFO 等待结束战斗。。。
2024-12-17 23:24:25.5811 INFO 等待结束战斗。。。
2024-12-17 23:24:28.6070 INFO 等待结束战斗。。。
2024-12-17 23:24:31.6958 INFO 等待结束战斗。。。
2024-12-17 23:24:34.3517 INFO 等待结束战斗。。。
2024-12-17 23:24:36.9592 INFO 等待结束战斗。。。
2024-12-17 23:24:41.4603 INFO 等待结束战斗。。。
2024-12-17 23:24:44.9334 INFO 等待结束战斗。。。
2024-12-17 23:24:45.9227 INFO 继续进军！！！
2024-12-17 23:24:49.3776 INFO 等待结束战斗。。。
2024-12-17 23:24:51.4436 INFO 等待结束战斗。。。
2024-12-17 23:24:53.9404 INFO 等待结束战斗。。。
2024-12-17 23:24:56.5263 INFO 等待结束战斗。。。
2024-12-17 23:24:59.4984 INFO 等待结束战斗。。。
2024-12-17 23:25:01.9831 INFO 等待结束战斗。。。
2024-12-17 23:25:04.7525 INFO 等待结束战斗。。。
2024-12-17 23:25:07.3996 INFO 等待结束战斗。。。
