2024-12-17 23:33:48.8723 INFO 等待结束战斗。。。
2024-12-17 23:33:50.8147 INFO 等待结束战斗。。。
2024-12-17 23:33:52.7163 INFO 等待结束战斗。。。
2024-12-17 23:33:54.6026 INFO 等待结束战斗。。。
2024-12-17 23:33:57.5555 INFO 等待结束战斗。。。
2024-12-17 23:33:59.9917 INFO 等待结束战斗。。。
2024-12-17 23:34:02.0625 INFO 等待结束战斗。。。
2024-12-17 23:34:05.0946 INFO 等待结束战斗。。。
2024-12-17 23:34:07.6897 INFO 等待结束战斗。。。
2024-12-17 23:34:10.2383 INFO 等待结束战斗。。。
2024-12-17 23:34:12.2922 INFO 等待结束战斗。。。
2024-12-17 23:34:15.5885 INFO 等待结束战斗。。。
2024-12-17 23:34:18.4951 INFO 等待结束战斗。。。
2024-12-17 23:34:19.3778 INFO 继续进军！！！
2024-12-17 23:34:22.8245 INFO 等待结束战斗。。。
2024-12-17 23:34:24.8974 INFO 等待结束战斗。。。
2024-12-17 23:34:27.4870 INFO 等待结束战斗。。。
2024-12-17 23:34:29.5494 INFO 等待结束战斗。。。
2024-12-17 23:34:31.4757 INFO 等待结束战斗。。。
2024-12-17 23:34:33.9383 INFO 等待结束战斗。。。
2024-12-17 23:34:36.8324 INFO 等待结束战斗。。。
2024-12-17 23:34:39.2390 INFO 等待结束战斗。。。
2024-12-17 23:34:41.3881 INFO 等待结束战斗。。。
2024-12-17 23:34:44.2678 INFO 等待结束战斗。。。
2024-12-17 23:34:46.7338 INFO 等待结束战斗。。。
2024-12-17 23:34:51.2435 INFO 等待结束战斗。。。
2024-12-17 23:34:56.2461 INFO 等待结束战斗。。。
2024-12-17 23:34:59.7890 INFO 等待结束战斗。。。
2024-12-17 23:35:00.7252 INFO 继续进军！！！
2024-12-17 23:35:02.7975 INFO 等待结束战斗。。。
2024-12-17 23:35:04.8114 INFO 等待结束战斗。。。
2024-12-17 23:35:07.3327 INFO 等待结束战斗。。。
2024-12-17 23:35:12.2802 INFO 等待结束战斗。。。
2024-12-17 23:35:14.2905 INFO 等待结束战斗。。。
2024-12-17 23:35:16.7631 INFO 等待结束战斗。。。
2024-12-17 23:35:19.2729 INFO 等待结束战斗。。。
2024-12-17 23:35:21.7940 INFO 等待结束战斗。。。
2024-12-17 23:35:24.3843 INFO 等待结束战斗。。。
2024-12-17 23:35:26.8578 INFO 等待结束战斗。。。
2024-12-17 23:35:29.8556 INFO 等待结束战斗。。。
2024-12-17 23:35:32.7484 INFO 等待结束战斗。。。
2024-12-17 23:35:36.0477 INFO 等待结束战斗。。。
2024-12-17 23:35:36.9779 INFO 继续进军！！！
2024-12-17 23:35:39.5063 INFO 等待结束战斗。。。
2024-12-17 23:35:41.5176 INFO 等待结束战斗。。。
2024-12-17 23:35:44.0919 INFO 等待结束战斗。。。
2024-12-17 23:35:51.5866 INFO 等待结束战斗。。。
2024-12-17 23:35:54.0529 INFO 等待结束战斗。。。
2024-12-17 23:35:56.6294 INFO 等待结束战斗。。。
2024-12-17 23:35:59.0489 INFO 等待结束战斗。。。
2024-12-17 23:36:01.7637 INFO 等待结束战斗。。。
2024-12-17 23:36:04.9605 INFO 等待结束战斗。。。
2024-12-17 23:36:08.5929 INFO 等待结束战斗。。。
2024-12-17 23:36:12.7717 INFO 等待结束战斗。。。
2024-12-17 23:36:15.5732 INFO 等待结束战斗。。。
2024-12-17 23:36:16.5631 INFO 继续进军！！！
2024-12-17 23:36:18.4312 INFO 等待结束战斗。。。
2024-12-17 23:36:20.4104 INFO 等待结束战斗。。。
2024-12-17 23:36:22.9177 INFO 等待结束战斗。。。
2024-12-17 23:36:26.2992 INFO 等待结束战斗。。。
2024-12-17 23:36:28.2092 INFO 等待结束战斗。。。
2024-12-17 23:36:30.7846 INFO 等待结束战斗。。。
2024-12-17 23:36:33.2865 INFO 等待结束战斗。。。
2024-12-17 23:36:36.6613 INFO 等待结束战斗。。。
2024-12-17 23:36:38.8666 INFO 等待结束战斗。。。
2024-12-17 23:36:41.3148 INFO 等待结束战斗。。。
2024-12-17 23:36:44.2949 INFO 等待结束战斗。。。
2024-12-17 23:36:48.2933 INFO 等待结束战斗。。。
2024-12-17 23:36:53.2623 INFO 等待结束战斗。。。
2024-12-17 23:36:56.6233 INFO 等待结束战斗。。。
2024-12-17 23:37:00.0184 INFO 等待结束战斗。。。
2024-12-17 23:37:02.6183 INFO 等待结束战斗。。。
2024-12-17 23:37:03.5169 INFO 继续进军！！！
2024-12-17 23:37:05.4583 INFO 等待结束战斗。。。
2024-12-17 23:37:07.9889 INFO 等待结束战斗。。。
2024-12-17 23:37:10.5651 INFO 等待结束战斗。。。
2024-12-17 23:37:18.6225 INFO 等待结束战斗。。。
2024-12-17 23:37:20.9801 INFO 等待结束战斗。。。
2024-12-17 23:37:23.5739 INFO 等待结束战斗。。。
2024-12-17 23:37:26.0750 INFO 等待结束战斗。。。
2024-12-17 23:37:28.5853 INFO 等待结束战斗。。。
2024-12-17 23:37:31.0592 INFO 等待结束战斗。。。
2024-12-17 23:37:34.1252 INFO 等待结束战斗。。。
2024-12-17 23:37:37.9067 INFO 等待结束战斗。。。
2024-12-17 23:37:40.7375 INFO 等待结束战斗。。。
2024-12-17 23:37:41.6592 INFO 继续进军！！！
2024-12-17 23:37:43.6175 INFO 等待结束战斗。。。
2024-12-17 23:37:46.0641 INFO 等待结束战斗。。。
2024-12-17 23:37:48.5762 INFO 等待结束战斗。。。
2024-12-17 23:37:57.0811 INFO 等待结束战斗。。。
2024-12-17 23:37:59.2642 INFO 等待结束战斗。。。
2024-12-17 23:38:01.8284 INFO 等待结束战斗。。。
2024-12-17 23:38:04.2552 INFO 等待结束战斗。。。
2024-12-17 23:38:07.2527 INFO 等待结束战斗。。。
2024-12-17 23:38:09.7987 INFO 等待结束战斗。。。
2024-12-17 23:38:12.3455 INFO 等待结束战斗。。。
2024-12-17 23:38:16.9527 INFO 等待结束战斗。。。
2024-12-17 23:38:20.2761 INFO 等待结束战斗。。。
2024-12-17 23:38:24.0928 INFO 等待结束战斗。。。
2024-12-17 23:38:26.7222 INFO 等待结束战斗。。。
2024-12-17 23:38:27.6567 INFO 继续进军！！！
2024-12-17 23:38:30.0396 INFO 等待结束战斗。。。
2024-12-17 23:38:32.5083 INFO 等待结束战斗。。。
2024-12-17 23:38:34.5160 INFO 等待结束战斗。。。
2024-12-17 23:38:43.0393 INFO 等待结束战斗。。。
2024-12-17 23:38:45.4970 INFO 等待结束战斗。。。
2024-12-17 23:38:48.1845 INFO 等待结束战斗。。。
2024-12-17 23:38:50.9706 INFO 等待结束战斗。。。
2024-12-17 23:38:53.8225 INFO 等待结束战斗。。。
2024-12-17 23:38:57.6650 INFO 等待结束战斗。。。
2024-12-17 23:39:02.1227 INFO 等待结束战斗。。。
2024-12-17 23:39:05.0634 INFO 等待结束战斗。。。
2024-12-17 23:39:08.2692 INFO 等待结束战斗。。。
2024-12-17 23:39:10.6698 INFO 等待结束战斗。。。
2024-12-17 23:39:11.5745 INFO 继续进军！！！
2024-12-17 23:39:14.0498 INFO 等待结束战斗。。。
2024-12-17 23:39:16.1469 INFO 等待结束战斗。。。
2024-12-17 23:39:18.1786 INFO 等待结束战斗。。。
2024-12-17 23:39:23.1144 INFO 等待结束战斗。。。
2024-12-17 23:39:25.0680 INFO 等待结束战斗。。。
2024-12-17 23:39:27.4951 INFO 等待结束战斗。。。
2024-12-17 23:39:30.4030 INFO 等待结束战斗。。。
2024-12-17 23:39:32.8111 INFO 等待结束战斗。。。
2024-12-17 23:39:35.2634 INFO 等待结束战斗。。。
2024-12-17 23:39:38.2472 INFO 等待结束战斗。。。
2024-12-17 23:39:41.2246 INFO 等待结束战斗。。。
2024-12-17 23:39:44.1153 INFO 等待结束战斗。。。
2024-12-17 23:39:47.1453 INFO 等待结束战斗。。。
2024-12-17 23:39:50.9128 INFO 等待结束战斗。。。
2024-12-17 23:39:54.3250 INFO 等待结束战斗。。。
2024-12-17 23:39:57.0487 INFO 等待结束战斗。。。
2024-12-17 23:40:00.4929 INFO 等待结束战斗。。。
2024-12-17 23:40:01.4525 INFO 继续进军！！！
2024-12-17 23:40:03.3797 INFO 等待结束战斗。。。
2024-12-17 23:40:05.3315 INFO 等待结束战斗。。。
2024-12-17 23:40:07.8187 INFO 等待结束战斗。。。
2024-12-17 23:40:10.8212 INFO 等待结束战斗。。。
2024-12-17 23:40:12.8163 INFO 等待结束战斗。。。
2024-12-17 23:40:15.2609 INFO 等待结束战斗。。。
2024-12-17 23:40:17.2776 INFO 等待结束战斗。。。
2024-12-17 23:40:19.3027 INFO 等待结束战斗。。。
2024-12-17 23:40:21.3254 INFO 等待结束战斗。。。
2024-12-17 23:40:24.1475 INFO 等待结束战斗。。。
2024-12-17 23:40:27.1926 INFO 等待结束战斗。。。
2024-12-17 23:40:30.7610 INFO 等待结束战斗。。。
2024-12-17 23:40:33.6850 INFO 等待结束战斗。。。
2024-12-17 23:40:36.3203 INFO 等待结束战斗。。。
2024-12-17 23:40:37.1456 INFO 已在7-4王点前
2024-12-17 23:40:38.0702 INFO 不进王点，返回本丸
2024-12-17 23:40:38.9078 INFO 点击是
2024-12-17 23:40:41.5926 INFO 等待结束战斗。。。
2024-12-17 23:40:44.9833 INFO 點擊出阵。。。
2024-12-17 23:40:50.9678 INFO 选择时代。。。
2024-12-17 23:40:53.7745 INFO 已选择7.延享的记忆。。。
2024-12-17 23:40:58.0134 INFO e4
2024-12-17 23:41:00.1079 INFO 选择部队3。。。
2024-12-17 23:41:02.2321 INFO 即刻出阵！！！
2024-12-17 23:41:06.8751 INFO 等待结束战斗。。。
2024-12-17 23:41:08.8867 INFO 等待结束战斗。。。
2024-12-17 23:41:11.3632 INFO 等待结束战斗。。。
2024-12-17 23:41:13.4119 INFO 等待结束战斗。。。
2024-12-17 23:41:15.8720 INFO 等待结束战斗。。。
2024-12-17 23:41:17.7165 INFO 等待结束战斗。。。
2024-12-17 23:41:19.7023 INFO 等待结束战斗。。。
2024-12-17 23:41:22.1076 INFO 等待结束战斗。。。
2024-12-17 23:41:24.5615 INFO 等待结束战斗。。。
2024-12-17 23:41:26.6815 INFO 等待结束战斗。。。
2024-12-17 23:41:29.6968 INFO 等待结束战斗。。。
2024-12-17 23:41:32.1233 INFO 等待结束战斗。。。
2024-12-17 23:41:35.0654 INFO 等待结束战斗。。。
2024-12-17 23:41:37.1881 INFO 等待结束战斗。。。
